<?xml version="1.0" encoding="UTF-8"?>
<!-- Generated by org.testng.reporters.JUnitReportReporter -->
<testsuite skipped="0" hostname="SUMI" name="com.acti.Base.DriverScript" tests="1" failures="0" timestamp="2 Feb 2021 03:37:43 GMT" time="7.613" errors="0">
  <testcase name="initApp" time="7.613" classname="com.acti.Base.DriverScript"/>
</testsuite> <!-- com.acti.Base.DriverScript -->
